Release 14.2 - xst P.28xd (nt)
Copyright (c) 1995-2012 Xilinx, Inc.  All rights reserved.
--> Parameter TMPDIR set to xst/projnav.tmp


Total REAL time to Xst completion: 0.00 secs
Total CPU time to Xst completion: 0.33 secs
 
--> Parameter xsthdpdir set to xst


Total REAL time to Xst completion: 0.00 secs
Total CPU time to Xst completion: 0.33 secs
 
--> Reading design: digseg.prj

TABLE OF CONTENTS
  1) Synthesis Options Summary
  2) HDL Parsing
  3) HDL Elaboration
  4) HDL Synthesis
       4.1) HDL Synthesis Report
  5) Advanced HDL Synthesis
       5.1) Advanced HDL Synthesis Report
  6) Low Level Synthesis
  7) Partition Report
  8) Design Summary
       8.1) Primitive and Black Box Usage
       8.2) Device utilization summary
       8.3) Partition Resource Summary
       8.4) Timing Report
            8.4.1) Clock Information
            8.4.2) Asynchronous Control Signals Information
            8.4.3) Timing Summary
            8.4.4) Timing Details
            8.4.5) Cross Clock Domains Report


=========================================================================
*                      Synthesis Options Summary                        *
=========================================================================
---- Source Parameters
Input File Name                    : "digseg.prj"
Ignore Synthesis Constraint File   : NO

---- Target Parameters
Output File Name                   : "digseg"
Output Format                      : NGC
Target Device                      : xc6slx100-3-fgg676

---- Source Options
Top Module Name                    : digseg
Automatic FSM Extraction           : YES
FSM Encoding Algorithm             : Auto
Safe Implementation                : No
FSM Style                          : LUT
RAM Extraction                     : Yes
RAM Style                          : Auto
ROM Extraction                     : Yes
Shift Register Extraction          : YES
ROM Style                          : Auto
Resource Sharing                   : YES
Asynchronous To Synchronous        : NO
Shift Register Minimum Size        : 2
Use DSP Block                      : Auto
Automatic Register Balancing       : No

---- Target Options
LUT Combining                      : Auto
Reduce Control Sets                : Auto
Add IO Buffers                     : YES
Global Maximum Fanout              : 100000
Add Generic Clock Buffer(BUFG)     : 16
Register Duplication               : YES
Optimize Instantiated Primitives   : NO
Use Clock Enable                   : Auto
Use Synchronous Set                : Auto
Use Synchronous Reset              : Auto
Pack IO Registers into IOBs        : Auto
Equivalent register Removal        : YES

---- General Options
Optimization Goal                  : Speed
Optimization Effort                : 1
Power Reduction                    : NO
Keep Hierarchy                     : No
Netlist Hierarchy                  : As_Optimized
RTL Output                         : Yes
Global Optimization                : AllClockNets
Read Cores                         : YES
Write Timing Constraints           : NO
Cross Clock Analysis               : NO
Hierarchy Separator                : /
Bus Delimiter                      : <>
Case Specifier                     : Maintain
Slice Utilization Ratio            : 100
BRAM Utilization Ratio             : 100
DSP48 Utilization Ratio            : 100
Auto BRAM Packing                  : NO
Slice Utilization Ratio Delta      : 5

=========================================================================


=========================================================================
*                          HDL Parsing                                  *
=========================================================================
Analyzing Verilog file "C:\Users\Administrator-\Desktop\cpu\digseg_driver.v" into library work
Parsing verilog file "C:\Users\Administrator-\Desktop\cpu\/defines.v" included at line 1.
Parsing module <digseg_driver>.
Analyzing Verilog file "C:\Users\Administrator-\Desktop\cpu\digseg.v" into library work
Parsing verilog file "C:\Users\Administrator-\Desktop\cpu\/defines.v" included at line 1.
Parsing module <digseg>.

=========================================================================
*                            HDL Elaboration                            *
=========================================================================

Elaborating module <digseg>.

Elaborating module <digseg_driver>.

=========================================================================
*                           HDL Synthesis                               *
=========================================================================

Synthesizing Unit <digseg>.
    Related source file is "C:\Users\Administrator-\Desktop\cpu\digseg.v".
WARNING:Xst:647 - Input <bus_addr_i> is never used. This port will be preserved and left unconnected if it belongs to a top-level block or it belongs to a sub-block and the hierarchy of this sub-block is preserved.
WARNING:Xst:647 - Input <bus_data_i<31:8>> is never used. This port will be preserved and left unconnected if it belongs to a top-level block or it belongs to a sub-block and the hierarchy of this sub-block is preserved.
WARNING:Xst:647 - Input <clk> is never used. This port will be preserved and left unconnected if it belongs to a top-level block or it belongs to a sub-block and the hierarchy of this sub-block is preserved.
WARNING:Xst:647 - Input <rst> is never used. This port will be preserved and left unconnected if it belongs to a top-level block or it belongs to a sub-block and the hierarchy of this sub-block is preserved.
    Summary:
	no macro.
Unit <digseg> synthesized.

Synthesizing Unit <digseg_driver>.
    Related source file is "C:\Users\Administrator-\Desktop\cpu\digseg_driver.v".
    Summary:
	inferred   1 Multiplexer(s).
Unit <digseg_driver> synthesized.

=========================================================================
HDL Synthesis Report

Macro Statistics
# Multiplexers                                         : 2
 7-bit 2-to-1 multiplexer                              : 2

=========================================================================

=========================================================================
*                       Advanced HDL Synthesis                          *
=========================================================================


=========================================================================
Advanced HDL Synthesis Report

Macro Statistics
# Multiplexers                                         : 2
 7-bit 2-to-1 multiplexer                              : 2

=========================================================================

=========================================================================
*                         Low Level Synthesis                           *
=========================================================================

Optimizing unit <digseg> ...

Mapping all equations...
Building and optimizing final netlist ...
Found area constraint ratio of 100 (+ 5) on block digseg, actual ratio is 0.

Final Macro Processing ...

=========================================================================
Final Register Report

Found no macro
=========================================================================

=========================================================================
*                           Partition Report                            *
=========================================================================

Partition Implementation Status
-------------------------------

  No Partitions were found in this design.

-------------------------------

=========================================================================
*                            Design Summary                             *
=========================================================================

Top Level Output File Name         : digseg.ngc

Primitive and Black Box Usage:
------------------------------
# BELS                             : 16
#      GND                         : 1
#      LUT6                        : 14
#      VCC                         : 1
# IO Buffers                       : 57
#      IBUF                        : 10
#      OBUF                        : 47

Device utilization summary:
---------------------------

Selected Device : 6slx100fgg676-3 


Slice Logic Utilization: 
 Number of Slice LUTs:                   14  out of  63288     0%  
    Number used as Logic:                14  out of  63288     0%  

Slice Logic Distribution: 
 Number of LUT Flip Flop pairs used:     14
   Number with an unused Flip Flop:      14  out of     14   100%  
   Number with an unused LUT:             0  out of     14     0%  
   Number of fully used LUT-FF pairs:     0  out of     14     0%  
   Number of unique control sets:         0

IO Utilization: 
 Number of IOs:                         115
 Number of bonded IOBs:                  57  out of    480    11%  

Specific Feature Utilization:

---------------------------
Partition Resource Summary:
---------------------------

  No Partitions were found in this design.

---------------------------


=========================================================================
Timing Report

NOTE: THESE TIMING NUMBERS ARE ONLY A SYNTHESIS ESTIMATE.
      FOR ACCURATE TIMING INFORMATION PLEASE REFER TO THE TRACE REPORT
      GENERATED AFTER PLACE-and-ROUTE.

Clock Information:
------------------
No clock signals found in this design

Asynchronous Control Signals Information:
----------------------------------------
No asynchronous control signals found in this design

Timing Summary:
---------------
Speed Grade: -3

   Minimum period: No path found
   Minimum input arrival time before clock: No path found
   Maximum output required time after clock: No path found
   Maximum combinational path delay: 5.934ns

Timing Details:
---------------
All values displayed in nanoseconds (ns)

=========================================================================
Timing constraint: Default path analysis
  Total number of paths / destination ports: 168 / 28
-------------------------------------------------------------------------
Delay:               5.934ns (Levels of Logic = 3)
  Source:            bus_select_i (PAD)
  Destination:       bus_data_o<7> (PAD)

  Data Path: bus_select_i to bus_data_o<7>
                                Gate     Net
    Cell:in->out      fanout   Delay   Delay  Logical Name (Net Name)
    ----------------------------------------  ------------
     IBUF:I->O            14   1.222   1.322  bus_select_i_IBUF (bus_select_i_IBUF)
     LUT6:I0->O            2   0.203   0.616  digseg_driver1/Mmux_seg_o71 (seg1_6_OBUF)
     OBUF:I->O                 2.571          bus_data_o_7_OBUF (bus_data_o<7>)
    ----------------------------------------
    Total                      5.934ns (3.996ns logic, 1.938ns route)
                                       (67.3% logic, 32.7% route)

=========================================================================

Cross Clock Domains Report:
--------------------------

=========================================================================


Total REAL time to Xst completion: 5.00 secs
Total CPU time to Xst completion: 5.43 secs
 
--> 

Total memory usage is 184684 kilobytes

Number of errors   :    0 (   0 filtered)
Number of warnings :    4 (   0 filtered)
Number of infos    :    0 (   0 filtered)

