Release 14.2 - xst P.28xd (nt64)
Copyright (c) 1995-2012 Xilinx, Inc.  All rights reserved.
--> Parameter TMPDIR set to xst/projnav.tmp


Total REAL time to Xst completion: 0.00 secs
Total CPU time to Xst completion: 0.09 secs
 
--> Parameter xsthdpdir set to xst


Total REAL time to Xst completion: 0.00 secs
Total CPU time to Xst completion: 0.10 secs
 
--> Reading design: fpga2ram.prj

TABLE OF CONTENTS
  1) Synthesis Options Summary
  2) HDL Parsing
  3) HDL Elaboration
  4) HDL Synthesis
       4.1) HDL Synthesis Report
  5) Advanced HDL Synthesis
       5.1) Advanced HDL Synthesis Report
  6) Low Level Synthesis
  7) Partition Report
  8) Design Summary
       8.1) Primitive and Black Box Usage
       8.2) Device utilization summary
       8.3) Partition Resource Summary
       8.4) Timing Report
            8.4.1) Clock Information
            8.4.2) Asynchronous Control Signals Information
            8.4.3) Timing Summary
            8.4.4) Timing Details
            8.4.5) Cross Clock Domains Report


=========================================================================
*                      Synthesis Options Summary                        *
=========================================================================
---- Source Parameters
Input File Name                    : "fpga2ram.prj"
Ignore Synthesis Constraint File   : NO

---- Target Parameters
Output File Name                   : "fpga2ram"
Output Format                      : NGC
Target Device                      : xc6slx100-3-fgg676

---- Source Options
Top Module Name                    : fpga2ram
Automatic FSM Extraction           : YES
FSM Encoding Algorithm             : Auto
Safe Implementation                : No
FSM Style                          : LUT
RAM Extraction                     : Yes
RAM Style                          : Auto
ROM Extraction                     : Yes
Shift Register Extraction          : YES
ROM Style                          : Auto
Resource Sharing                   : YES
Asynchronous To Synchronous        : NO
Shift Register Minimum Size        : 2
Use DSP Block                      : Auto
Automatic Register Balancing       : No

---- Target Options
LUT Combining                      : Auto
Reduce Control Sets                : Auto
Add IO Buffers                     : YES
Global Maximum Fanout              : 100000
Add Generic Clock Buffer(BUFG)     : 16
Register Duplication               : YES
Optimize Instantiated Primitives   : NO
Use Clock Enable                   : Auto
Use Synchronous Set                : Auto
Use Synchronous Reset              : Auto
Pack IO Registers into IOBs        : Auto
Equivalent register Removal        : YES

---- General Options
Optimization Goal                  : Speed
Optimization Effort                : 1
Power Reduction                    : NO
Keep Hierarchy                     : No
Netlist Hierarchy                  : As_Optimized
RTL Output                         : Yes
Global Optimization                : AllClockNets
Read Cores                         : YES
Write Timing Constraints           : NO
Cross Clock Analysis               : NO
Hierarchy Separator                : /
Bus Delimiter                      : <>
Case Specifier                     : Maintain
Slice Utilization Ratio            : 100
BRAM Utilization Ratio             : 100
DSP48 Utilization Ratio            : 100
Auto BRAM Packing                  : NO
Slice Utilization Ratio Delta      : 5

=========================================================================


=========================================================================
*                          HDL Parsing                                  *
=========================================================================
Analyzing Verilog file "E:\course\GitRepository\MIPS32\fpga2ram\ram_driver.v" into library work
Parsing verilog file "defines.v" included at line 1.
Parsing module <ram_driver>.
Analyzing Verilog file "E:\course\GitRepository\MIPS32\fpga2ram\ram.v" into library work
Parsing verilog file "defines.v" included at line 1.
Parsing module <ram>.
Analyzing Verilog file "E:\course\GitRepository\MIPS32\fpga2ram\fpga2ram.v" into library work
Parsing module <fpga2ram>.
Parsing verilog file "input.v" included at line 34.

=========================================================================
*                            HDL Elaboration                            *
=========================================================================

Elaborating module <fpga2ram>.

Elaborating module <ram>.

Elaborating module <ram_driver>.
WARNING:HDLCompiler:1127 - "E:\course\GitRepository\MIPS32\fpga2ram\fpga2ram.v" Line 49: Assignment to bus_ack_o ignored, since the identifier is never used

=========================================================================
*                           HDL Synthesis                               *
=========================================================================

Synthesizing Unit <fpga2ram>.
    Related source file is "E:\course\GitRepository\MIPS32\fpga2ram\fpga2ram.v".
WARNING:Xst:647 - Input <sw_dip<30:20>> is never used. This port will be preserved and left unconnected if it belongs to a top-level block or it belongs to a sub-block and the hierarchy of this sub-block is preserved.
INFO:Xst:3210 - "E:\course\GitRepository\MIPS32\fpga2ram\fpga2ram.v" line 42: Output port <bus_ack_o> of the instance <ram0> is unconnected or connected to loadless signal.
    Found 32-bit register for signal <bus_addr_i>.
    Found 32-bit register for signal <pc>.
    Found 32-bit register for signal <bus_data_i>.
    Found 32-bit adder for signal <pc[31]_GND_1_o_add_3_OUT> created at line 1.
    Summary:
	inferred   1 Adder/Subtractor(s).
	inferred  96 D-type flip-flop(s).
	inferred   6 Multiplexer(s).
Unit <fpga2ram> synthesized.

Synthesizing Unit <ram>.
    Related source file is "E:\course\GitRepository\MIPS32\fpga2ram\ram.v".
WARNING:Xst:647 - Input <bus_addr_i<31:20>> is never used. This port will be preserved and left unconnected if it belongs to a top-level block or it belongs to a sub-block and the hierarchy of this sub-block is preserved.
    Summary:
	no macro.
Unit <ram> synthesized.

Synthesizing Unit <ram_driver>.
    Related source file is "E:\course\GitRepository\MIPS32\fpga2ram\ram_driver.v".
    Found 1-bit register for signal <baseram_ce>.
    Found 1-bit register for signal <baseram_we>.
    Found 1-bit register for signal <baseram_oe>.
    Found 1-bit register for signal <base_ack>.
    Found 32-bit register for signal <base_data_out>.
    Found 20-bit register for signal <baseram_addr>.
    Found 32-bit register for signal <base_data_latch>.
    Found 3-bit register for signal <extra_state>.
    Found 1-bit register for signal <extram_ce>.
    Found 1-bit register for signal <extram_oe>.
    Found 1-bit register for signal <extram_we>.
    Found 1-bit register for signal <extra_ack>.
    Found 32-bit register for signal <extra_data_out>.
    Found 20-bit register for signal <extram_addr>.
    Found 32-bit register for signal <extra_data_latch>.
    Found 3-bit register for signal <base_state>.
    Found 1-bit tristate buffer for signal <baseram_data<31>> created at line 31
    Found 1-bit tristate buffer for signal <baseram_data<30>> created at line 31
    Found 1-bit tristate buffer for signal <baseram_data<29>> created at line 31
    Found 1-bit tristate buffer for signal <baseram_data<28>> created at line 31
    Found 1-bit tristate buffer for signal <baseram_data<27>> created at line 31
    Found 1-bit tristate buffer for signal <baseram_data<26>> created at line 31
    Found 1-bit tristate buffer for signal <baseram_data<25>> created at line 31
    Found 1-bit tristate buffer for signal <baseram_data<24>> created at line 31
    Found 1-bit tristate buffer for signal <baseram_data<23>> created at line 31
    Found 1-bit tristate buffer for signal <baseram_data<22>> created at line 31
    Found 1-bit tristate buffer for signal <baseram_data<21>> created at line 31
    Found 1-bit tristate buffer for signal <baseram_data<20>> created at line 31
    Found 1-bit tristate buffer for signal <baseram_data<19>> created at line 31
    Found 1-bit tristate buffer for signal <baseram_data<18>> created at line 31
    Found 1-bit tristate buffer for signal <baseram_data<17>> created at line 31
    Found 1-bit tristate buffer for signal <baseram_data<16>> created at line 31
    Found 1-bit tristate buffer for signal <baseram_data<15>> created at line 31
    Found 1-bit tristate buffer for signal <baseram_data<14>> created at line 31
    Found 1-bit tristate buffer for signal <baseram_data<13>> created at line 31
    Found 1-bit tristate buffer for signal <baseram_data<12>> created at line 31
    Found 1-bit tristate buffer for signal <baseram_data<11>> created at line 31
    Found 1-bit tristate buffer for signal <baseram_data<10>> created at line 31
    Found 1-bit tristate buffer for signal <baseram_data<9>> created at line 31
    Found 1-bit tristate buffer for signal <baseram_data<8>> created at line 31
    Found 1-bit tristate buffer for signal <baseram_data<7>> created at line 31
    Found 1-bit tristate buffer for signal <baseram_data<6>> created at line 31
    Found 1-bit tristate buffer for signal <baseram_data<5>> created at line 31
    Found 1-bit tristate buffer for signal <baseram_data<4>> created at line 31
    Found 1-bit tristate buffer for signal <baseram_data<3>> created at line 31
    Found 1-bit tristate buffer for signal <baseram_data<2>> created at line 31
    Found 1-bit tristate buffer for signal <baseram_data<1>> created at line 31
    Found 1-bit tristate buffer for signal <baseram_data<0>> created at line 31
    Found 1-bit tristate buffer for signal <extram_data<31>> created at line 32
    Found 1-bit tristate buffer for signal <extram_data<30>> created at line 32
    Found 1-bit tristate buffer for signal <extram_data<29>> created at line 32
    Found 1-bit tristate buffer for signal <extram_data<28>> created at line 32
    Found 1-bit tristate buffer for signal <extram_data<27>> created at line 32
    Found 1-bit tristate buffer for signal <extram_data<26>> created at line 32
    Found 1-bit tristate buffer for signal <extram_data<25>> created at line 32
    Found 1-bit tristate buffer for signal <extram_data<24>> created at line 32
    Found 1-bit tristate buffer for signal <extram_data<23>> created at line 32
    Found 1-bit tristate buffer for signal <extram_data<22>> created at line 32
    Found 1-bit tristate buffer for signal <extram_data<21>> created at line 32
    Found 1-bit tristate buffer for signal <extram_data<20>> created at line 32
    Found 1-bit tristate buffer for signal <extram_data<19>> created at line 32
    Found 1-bit tristate buffer for signal <extram_data<18>> created at line 32
    Found 1-bit tristate buffer for signal <extram_data<17>> created at line 32
    Found 1-bit tristate buffer for signal <extram_data<16>> created at line 32
    Found 1-bit tristate buffer for signal <extram_data<15>> created at line 32
    Found 1-bit tristate buffer for signal <extram_data<14>> created at line 32
    Found 1-bit tristate buffer for signal <extram_data<13>> created at line 32
    Found 1-bit tristate buffer for signal <extram_data<12>> created at line 32
    Found 1-bit tristate buffer for signal <extram_data<11>> created at line 32
    Found 1-bit tristate buffer for signal <extram_data<10>> created at line 32
    Found 1-bit tristate buffer for signal <extram_data<9>> created at line 32
    Found 1-bit tristate buffer for signal <extram_data<8>> created at line 32
    Found 1-bit tristate buffer for signal <extram_data<7>> created at line 32
    Found 1-bit tristate buffer for signal <extram_data<6>> created at line 32
    Found 1-bit tristate buffer for signal <extram_data<5>> created at line 32
    Found 1-bit tristate buffer for signal <extram_data<4>> created at line 32
    Found 1-bit tristate buffer for signal <extram_data<3>> created at line 32
    Found 1-bit tristate buffer for signal <extram_data<2>> created at line 32
    Found 1-bit tristate buffer for signal <extram_data<1>> created at line 32
    Found 1-bit tristate buffer for signal <extram_data<0>> created at line 32
    HDL ADVISOR - Describing an operational reset or an explicit power-up state for register <extra_state> would allow inference of a finite state machine and as consequence better performance and smaller area.
    HDL ADVISOR - Describing an operational reset or an explicit power-up state for register <base_state> would allow inference of a finite state machine and as consequence better performance and smaller area.
    Summary:
	inferred 182 D-type flip-flop(s).
	inferred  58 Multiplexer(s).
	inferred  64 Tristate(s).
Unit <ram_driver> synthesized.

=========================================================================
HDL Synthesis Report

Macro Statistics
# Adders/Subtractors                                   : 1
 32-bit adder                                          : 1
# Registers                                            : 19
 1-bit register                                        : 8
 20-bit register                                       : 2
 3-bit register                                        : 2
 32-bit register                                       : 7
# Multiplexers                                         : 64
 1-bit 2-to-1 multiplexer                              : 51
 3-bit 2-to-1 multiplexer                              : 6
 32-bit 2-to-1 multiplexer                             : 7
# Tristates                                            : 64
 1-bit tristate buffer                                 : 64

=========================================================================

=========================================================================
*                       Advanced HDL Synthesis                          *
=========================================================================

WARNING:Xst:2677 - Node <bus_addr_i_20> of sequential type is unconnected in block <fpga2ram>.
WARNING:Xst:2677 - Node <bus_addr_i_21> of sequential type is unconnected in block <fpga2ram>.
WARNING:Xst:2677 - Node <bus_addr_i_22> of sequential type is unconnected in block <fpga2ram>.
WARNING:Xst:2677 - Node <bus_addr_i_23> of sequential type is unconnected in block <fpga2ram>.
WARNING:Xst:2677 - Node <bus_addr_i_24> of sequential type is unconnected in block <fpga2ram>.
WARNING:Xst:2677 - Node <bus_addr_i_25> of sequential type is unconnected in block <fpga2ram>.
WARNING:Xst:2677 - Node <bus_addr_i_26> of sequential type is unconnected in block <fpga2ram>.
WARNING:Xst:2677 - Node <bus_addr_i_27> of sequential type is unconnected in block <fpga2ram>.
WARNING:Xst:2677 - Node <bus_addr_i_28> of sequential type is unconnected in block <fpga2ram>.
WARNING:Xst:2677 - Node <bus_addr_i_29> of sequential type is unconnected in block <fpga2ram>.
WARNING:Xst:2677 - Node <bus_addr_i_30> of sequential type is unconnected in block <fpga2ram>.
WARNING:Xst:2677 - Node <bus_addr_i_31> of sequential type is unconnected in block <fpga2ram>.

Synthesizing (advanced) Unit <fpga2ram>.
The following registers are absorbed into counter <pc>: 1 register on signal <pc>.
Unit <fpga2ram> synthesized (advanced).

=========================================================================
Advanced HDL Synthesis Report

Macro Statistics
# Counters                                             : 1
 32-bit up counter                                     : 1
# Registers                                            : 246
 Flip-Flops                                            : 246
# Multiplexers                                         : 64
 1-bit 2-to-1 multiplexer                              : 51
 3-bit 2-to-1 multiplexer                              : 6
 32-bit 2-to-1 multiplexer                             : 7

=========================================================================

=========================================================================
*                         Low Level Synthesis                           *
=========================================================================
WARNING:Xst:2677 - Node <bus_addr_i_20> of sequential type is unconnected in block <fpga2ram>.
WARNING:Xst:2677 - Node <bus_addr_i_21> of sequential type is unconnected in block <fpga2ram>.
WARNING:Xst:2677 - Node <bus_addr_i_22> of sequential type is unconnected in block <fpga2ram>.
WARNING:Xst:2677 - Node <bus_addr_i_23> of sequential type is unconnected in block <fpga2ram>.
WARNING:Xst:2677 - Node <bus_addr_i_24> of sequential type is unconnected in block <fpga2ram>.
WARNING:Xst:2677 - Node <bus_addr_i_25> of sequential type is unconnected in block <fpga2ram>.
WARNING:Xst:2677 - Node <bus_addr_i_26> of sequential type is unconnected in block <fpga2ram>.
WARNING:Xst:2677 - Node <bus_addr_i_27> of sequential type is unconnected in block <fpga2ram>.
WARNING:Xst:2677 - Node <bus_addr_i_28> of sequential type is unconnected in block <fpga2ram>.
WARNING:Xst:2677 - Node <bus_addr_i_29> of sequential type is unconnected in block <fpga2ram>.
WARNING:Xst:2677 - Node <bus_addr_i_30> of sequential type is unconnected in block <fpga2ram>.
WARNING:Xst:2677 - Node <bus_addr_i_31> of sequential type is unconnected in block <fpga2ram>.
WARNING:Xst:1710 - FF/Latch <bus_data_i_1> (without init value) has a constant value of 0 in block <fpga2ram>. This FF/Latch will be trimmed during the optimization process.
WARNING:Xst:1895 - Due to other FF/Latch trimming, FF/Latch <bus_data_i_5> (without init value) has a constant value of 0 in block <fpga2ram>. This FF/Latch will be trimmed during the optimization process.
WARNING:Xst:1895 - Due to other FF/Latch trimming, FF/Latch <bus_data_i_13> (without init value) has a constant value of 0 in block <fpga2ram>. This FF/Latch will be trimmed during the optimization process.
WARNING:Xst:1895 - Due to other FF/Latch trimming, FF/Latch <bus_data_i_14> (without init value) has a constant value of 0 in block <fpga2ram>. This FF/Latch will be trimmed during the optimization process.
WARNING:Xst:1895 - Due to other FF/Latch trimming, FF/Latch <bus_data_i_15> (without init value) has a constant value of 0 in block <fpga2ram>. This FF/Latch will be trimmed during the optimization process.
WARNING:Xst:1895 - Due to other FF/Latch trimming, FF/Latch <bus_data_i_20> (without init value) has a constant value of 0 in block <fpga2ram>. This FF/Latch will be trimmed during the optimization process.
WARNING:Xst:1895 - Due to other FF/Latch trimming, FF/Latch <bus_data_i_22> (without init value) has a constant value of 0 in block <fpga2ram>. This FF/Latch will be trimmed during the optimization process.
WARNING:Xst:1895 - Due to other FF/Latch trimming, FF/Latch <bus_data_i_23> (without init value) has a constant value of 0 in block <fpga2ram>. This FF/Latch will be trimmed during the optimization process.
WARNING:Xst:1895 - Due to other FF/Latch trimming, FF/Latch <bus_data_i_24> (without init value) has a constant value of 0 in block <fpga2ram>. This FF/Latch will be trimmed during the optimization process.
WARNING:Xst:1895 - Due to other FF/Latch trimming, FF/Latch <bus_data_i_25> (without init value) has a constant value of 0 in block <fpga2ram>. This FF/Latch will be trimmed during the optimization process.
WARNING:Xst:1895 - Due to other FF/Latch trimming, FF/Latch <bus_data_i_30> (without init value) has a constant value of 0 in block <fpga2ram>. This FF/Latch will be trimmed during the optimization process.
INFO:Xst:2261 - The FF/Latch <bus_data_i_6> in Unit <fpga2ram> is equivalent to the following 8 FFs/Latches, which will be removed : <bus_data_i_7> <bus_data_i_8> <bus_data_i_9> <bus_data_i_10> <bus_data_i_11> <bus_data_i_12> <bus_data_i_28> <bus_data_i_29> 
INFO:Xst:2261 - The FF/Latch <bus_data_i_21> in Unit <fpga2ram> is equivalent to the following FF/Latch, which will be removed : <bus_data_i_31> 
WARNING:Xst:1293 - FF/Latch <ram0/ram_driver0/base_data_latch_1> has a constant value of 0 in block <fpga2ram>. This FF/Latch will be trimmed during the optimization process.
WARNING:Xst:1896 - Due to other FF/Latch trimming, FF/Latch <ram0/ram_driver0/base_data_latch_5> has a constant value of 0 in block <fpga2ram>. This FF/Latch will be trimmed during the optimization process.
WARNING:Xst:1896 - Due to other FF/Latch trimming, FF/Latch <ram0/ram_driver0/base_data_latch_13> has a constant value of 0 in block <fpga2ram>. This FF/Latch will be trimmed during the optimization process.
WARNING:Xst:1896 - Due to other FF/Latch trimming, FF/Latch <ram0/ram_driver0/base_data_latch_14> has a constant value of 0 in block <fpga2ram>. This FF/Latch will be trimmed during the optimization process.
WARNING:Xst:1896 - Due to other FF/Latch trimming, FF/Latch <ram0/ram_driver0/base_data_latch_15> has a constant value of 0 in block <fpga2ram>. This FF/Latch will be trimmed during the optimization process.
WARNING:Xst:1896 - Due to other FF/Latch trimming, FF/Latch <ram0/ram_driver0/base_data_latch_20> has a constant value of 0 in block <fpga2ram>. This FF/Latch will be trimmed during the optimization process.
WARNING:Xst:1896 - Due to other FF/Latch trimming, FF/Latch <ram0/ram_driver0/base_data_latch_22> has a constant value of 0 in block <fpga2ram>. This FF/Latch will be trimmed during the optimization process.
WARNING:Xst:1896 - Due to other FF/Latch trimming, FF/Latch <ram0/ram_driver0/base_data_latch_23> has a constant value of 0 in block <fpga2ram>. This FF/Latch will be trimmed during the optimization process.
WARNING:Xst:1896 - Due to other FF/Latch trimming, FF/Latch <ram0/ram_driver0/base_data_latch_24> has a constant value of 0 in block <fpga2ram>. This FF/Latch will be trimmed during the optimization process.
WARNING:Xst:1896 - Due to other FF/Latch trimming, FF/Latch <ram0/ram_driver0/base_data_latch_25> has a constant value of 0 in block <fpga2ram>. This FF/Latch will be trimmed during the optimization process.
WARNING:Xst:1896 - Due to other FF/Latch trimming, FF/Latch <ram0/ram_driver0/base_data_latch_30> has a constant value of 0 in block <fpga2ram>. This FF/Latch will be trimmed during the optimization process.
WARNING:Xst:1896 - Due to other FF/Latch trimming, FF/Latch <ram0/ram_driver0/extra_data_latch_1> has a constant value of 0 in block <fpga2ram>. This FF/Latch will be trimmed during the optimization process.
WARNING:Xst:1896 - Due to other FF/Latch trimming, FF/Latch <ram0/ram_driver0/extra_data_latch_5> has a constant value of 0 in block <fpga2ram>. This FF/Latch will be trimmed during the optimization process.
WARNING:Xst:1896 - Due to other FF/Latch trimming, FF/Latch <ram0/ram_driver0/extra_data_latch_13> has a constant value of 0 in block <fpga2ram>. This FF/Latch will be trimmed during the optimization process.
WARNING:Xst:1896 - Due to other FF/Latch trimming, FF/Latch <ram0/ram_driver0/extra_data_latch_14> has a constant value of 0 in block <fpga2ram>. This FF/Latch will be trimmed during the optimization process.
WARNING:Xst:1896 - Due to other FF/Latch trimming, FF/Latch <ram0/ram_driver0/extra_data_latch_15> has a constant value of 0 in block <fpga2ram>. This FF/Latch will be trimmed during the optimization process.
WARNING:Xst:1896 - Due to other FF/Latch trimming, FF/Latch <ram0/ram_driver0/extra_data_latch_20> has a constant value of 0 in block <fpga2ram>. This FF/Latch will be trimmed during the optimization process.
WARNING:Xst:1896 - Due to other FF/Latch trimming, FF/Latch <ram0/ram_driver0/extra_data_latch_22> has a constant value of 0 in block <fpga2ram>. This FF/Latch will be trimmed during the optimization process.
WARNING:Xst:1896 - Due to other FF/Latch trimming, FF/Latch <ram0/ram_driver0/extra_data_latch_23> has a constant value of 0 in block <fpga2ram>. This FF/Latch will be trimmed during the optimization process.
WARNING:Xst:1896 - Due to other FF/Latch trimming, FF/Latch <ram0/ram_driver0/extra_data_latch_24> has a constant value of 0 in block <fpga2ram>. This FF/Latch will be trimmed during the optimization process.
WARNING:Xst:1896 - Due to other FF/Latch trimming, FF/Latch <ram0/ram_driver0/extra_data_latch_25> has a constant value of 0 in block <fpga2ram>. This FF/Latch will be trimmed during the optimization process.
WARNING:Xst:1896 - Due to other FF/Latch trimming, FF/Latch <ram0/ram_driver0/extra_data_latch_30> has a constant value of 0 in block <fpga2ram>. This FF/Latch will be trimmed during the optimization process.
WARNING:Xst:2677 - Node <ram0/ram_driver0/extra_data_out_31> of sequential type is unconnected in block <fpga2ram>.
WARNING:Xst:2677 - Node <ram0/ram_driver0/extra_data_out_30> of sequential type is unconnected in block <fpga2ram>.
WARNING:Xst:2677 - Node <ram0/ram_driver0/extra_data_out_29> of sequential type is unconnected in block <fpga2ram>.
WARNING:Xst:2677 - Node <ram0/ram_driver0/extra_data_out_28> of sequential type is unconnected in block <fpga2ram>.
WARNING:Xst:2677 - Node <ram0/ram_driver0/extra_data_out_27> of sequential type is unconnected in block <fpga2ram>.
WARNING:Xst:2677 - Node <ram0/ram_driver0/extra_data_out_26> of sequential type is unconnected in block <fpga2ram>.
WARNING:Xst:2677 - Node <ram0/ram_driver0/extra_data_out_25> of sequential type is unconnected in block <fpga2ram>.
WARNING:Xst:2677 - Node <ram0/ram_driver0/extra_data_out_24> of sequential type is unconnected in block <fpga2ram>.
WARNING:Xst:2677 - Node <ram0/ram_driver0/extra_data_out_23> of sequential type is unconnected in block <fpga2ram>.
WARNING:Xst:2677 - Node <ram0/ram_driver0/extra_data_out_22> of sequential type is unconnected in block <fpga2ram>.
WARNING:Xst:2677 - Node <ram0/ram_driver0/extra_data_out_21> of sequential type is unconnected in block <fpga2ram>.
WARNING:Xst:2677 - Node <ram0/ram_driver0/extra_data_out_20> of sequential type is unconnected in block <fpga2ram>.
WARNING:Xst:2677 - Node <ram0/ram_driver0/extra_data_out_19> of sequential type is unconnected in block <fpga2ram>.
WARNING:Xst:2677 - Node <ram0/ram_driver0/extra_data_out_18> of sequential type is unconnected in block <fpga2ram>.
WARNING:Xst:2677 - Node <ram0/ram_driver0/extra_data_out_17> of sequential type is unconnected in block <fpga2ram>.
WARNING:Xst:2677 - Node <ram0/ram_driver0/extra_data_out_16> of sequential type is unconnected in block <fpga2ram>.
WARNING:Xst:2677 - Node <ram0/ram_driver0/base_data_out_31> of sequential type is unconnected in block <fpga2ram>.
WARNING:Xst:2677 - Node <ram0/ram_driver0/base_data_out_30> of sequential type is unconnected in block <fpga2ram>.
WARNING:Xst:2677 - Node <ram0/ram_driver0/base_data_out_29> of sequential type is unconnected in block <fpga2ram>.
WARNING:Xst:2677 - Node <ram0/ram_driver0/base_data_out_28> of sequential type is unconnected in block <fpga2ram>.
WARNING:Xst:2677 - Node <ram0/ram_driver0/base_data_out_27> of sequential type is unconnected in block <fpga2ram>.
WARNING:Xst:2677 - Node <ram0/ram_driver0/base_data_out_26> of sequential type is unconnected in block <fpga2ram>.
WARNING:Xst:2677 - Node <ram0/ram_driver0/base_data_out_25> of sequential type is unconnected in block <fpga2ram>.
WARNING:Xst:2677 - Node <ram0/ram_driver0/base_data_out_24> of sequential type is unconnected in block <fpga2ram>.
WARNING:Xst:2677 - Node <ram0/ram_driver0/base_data_out_23> of sequential type is unconnected in block <fpga2ram>.
WARNING:Xst:2677 - Node <ram0/ram_driver0/base_data_out_22> of sequential type is unconnected in block <fpga2ram>.
WARNING:Xst:2677 - Node <ram0/ram_driver0/base_data_out_21> of sequential type is unconnected in block <fpga2ram>.
WARNING:Xst:2677 - Node <ram0/ram_driver0/base_data_out_20> of sequential type is unconnected in block <fpga2ram>.
WARNING:Xst:2677 - Node <ram0/ram_driver0/base_data_out_19> of sequential type is unconnected in block <fpga2ram>.
WARNING:Xst:2677 - Node <ram0/ram_driver0/base_data_out_18> of sequential type is unconnected in block <fpga2ram>.
WARNING:Xst:2677 - Node <ram0/ram_driver0/base_data_out_17> of sequential type is unconnected in block <fpga2ram>.
WARNING:Xst:2677 - Node <ram0/ram_driver0/base_data_out_16> of sequential type is unconnected in block <fpga2ram>.
WARNING:Xst:2677 - Node <ram0/ram_driver0/extra_ack> of sequential type is unconnected in block <fpga2ram>.
WARNING:Xst:2677 - Node <ram0/ram_driver0/base_ack> of sequential type is unconnected in block <fpga2ram>.
INFO:Xst:2261 - The FF/Latch <ram0/ram_driver0/base_data_latch_29> in Unit <fpga2ram> is equivalent to the following 8 FFs/Latches, which will be removed : <ram0/ram_driver0/base_data_latch_28> <ram0/ram_driver0/base_data_latch_12> <ram0/ram_driver0/base_data_latch_11> <ram0/ram_driver0/base_data_latch_10> <ram0/ram_driver0/base_data_latch_9> <ram0/ram_driver0/base_data_latch_8> <ram0/ram_driver0/base_data_latch_7> <ram0/ram_driver0/base_data_latch_6> 
INFO:Xst:2261 - The FF/Latch <ram0/ram_driver0/extra_data_latch_29> in Unit <fpga2ram> is equivalent to the following 8 FFs/Latches, which will be removed : <ram0/ram_driver0/extra_data_latch_28> <ram0/ram_driver0/extra_data_latch_12> <ram0/ram_driver0/extra_data_latch_11> <ram0/ram_driver0/extra_data_latch_10> <ram0/ram_driver0/extra_data_latch_9> <ram0/ram_driver0/extra_data_latch_8> <ram0/ram_driver0/extra_data_latch_7> <ram0/ram_driver0/extra_data_latch_6> 
INFO:Xst:2261 - The FF/Latch <ram0/ram_driver0/base_data_latch_31> in Unit <fpga2ram> is equivalent to the following FF/Latch, which will be removed : <ram0/ram_driver0/base_data_latch_21> 
INFO:Xst:2261 - The FF/Latch <ram0/ram_driver0/extra_data_latch_31> in Unit <fpga2ram> is equivalent to the following FF/Latch, which will be removed : <ram0/ram_driver0/extra_data_latch_21> 

Optimizing unit <fpga2ram> ...
WARNING:Xst:1710 - FF/Latch <ram0/ram_driver0/baseram_addr_19> (without init value) has a constant value of 0 in block <fpga2ram>. This FF/Latch will be trimmed during the optimization process.
WARNING:Xst:1895 - Due to other FF/Latch trimming, FF/Latch <pc_31> (without init value) has a constant value of 0 in block <fpga2ram>. This FF/Latch will be trimmed during the optimization process.
WARNING:Xst:1895 - Due to other FF/Latch trimming, FF/Latch <pc_30> (without init value) has a constant value of 0 in block <fpga2ram>. This FF/Latch will be trimmed during the optimization process.
WARNING:Xst:1895 - Due to other FF/Latch trimming, FF/Latch <pc_29> (without init value) has a constant value of 0 in block <fpga2ram>. This FF/Latch will be trimmed during the optimization process.
WARNING:Xst:1895 - Due to other FF/Latch trimming, FF/Latch <pc_28> (without init value) has a constant value of 0 in block <fpga2ram>. This FF/Latch will be trimmed during the optimization process.
WARNING:Xst:1895 - Due to other FF/Latch trimming, FF/Latch <pc_27> (without init value) has a constant value of 0 in block <fpga2ram>. This FF/Latch will be trimmed during the optimization process.
WARNING:Xst:1895 - Due to other FF/Latch trimming, FF/Latch <pc_26> (without init value) has a constant value of 0 in block <fpga2ram>. This FF/Latch will be trimmed during the optimization process.
WARNING:Xst:1895 - Due to other FF/Latch trimming, FF/Latch <pc_25> (without init value) has a constant value of 0 in block <fpga2ram>. This FF/Latch will be trimmed during the optimization process.
WARNING:Xst:1895 - Due to other FF/Latch trimming, FF/Latch <pc_24> (without init value) has a constant value of 0 in block <fpga2ram>. This FF/Latch will be trimmed during the optimization process.
WARNING:Xst:1895 - Due to other FF/Latch trimming, FF/Latch <pc_23> (without init value) has a constant value of 0 in block <fpga2ram>. This FF/Latch will be trimmed during the optimization process.
WARNING:Xst:1895 - Due to other FF/Latch trimming, FF/Latch <pc_22> (without init value) has a constant value of 0 in block <fpga2ram>. This FF/Latch will be trimmed during the optimization process.
WARNING:Xst:1895 - Due to other FF/Latch trimming, FF/Latch <pc_21> (without init value) has a constant value of 0 in block <fpga2ram>. This FF/Latch will be trimmed during the optimization process.
WARNING:Xst:1895 - Due to other FF/Latch trimming, FF/Latch <pc_20> (without init value) has a constant value of 0 in block <fpga2ram>. This FF/Latch will be trimmed during the optimization process.
WARNING:Xst:1895 - Due to other FF/Latch trimming, FF/Latch <pc_19> (without init value) has a constant value of 0 in block <fpga2ram>. This FF/Latch will be trimmed during the optimization process.
WARNING:Xst:1895 - Due to other FF/Latch trimming, FF/Latch <pc_18> (without init value) has a constant value of 0 in block <fpga2ram>. This FF/Latch will be trimmed during the optimization process.
WARNING:Xst:1895 - Due to other FF/Latch trimming, FF/Latch <pc_17> (without init value) has a constant value of 0 in block <fpga2ram>. This FF/Latch will be trimmed during the optimization process.
WARNING:Xst:1895 - Due to other FF/Latch trimming, FF/Latch <pc_16> (without init value) has a constant value of 0 in block <fpga2ram>. This FF/Latch will be trimmed during the optimization process.
WARNING:Xst:1895 - Due to other FF/Latch trimming, FF/Latch <pc_15> (without init value) has a constant value of 0 in block <fpga2ram>. This FF/Latch will be trimmed during the optimization process.
WARNING:Xst:1895 - Due to other FF/Latch trimming, FF/Latch <pc_14> (without init value) has a constant value of 0 in block <fpga2ram>. This FF/Latch will be trimmed during the optimization process.
WARNING:Xst:1895 - Due to other FF/Latch trimming, FF/Latch <pc_13> (without init value) has a constant value of 0 in block <fpga2ram>. This FF/Latch will be trimmed during the optimization process.
WARNING:Xst:1895 - Due to other FF/Latch trimming, FF/Latch <pc_12> (without init value) has a constant value of 0 in block <fpga2ram>. This FF/Latch will be trimmed during the optimization process.
WARNING:Xst:1895 - Due to other FF/Latch trimming, FF/Latch <pc_11> (without init value) has a constant value of 0 in block <fpga2ram>. This FF/Latch will be trimmed during the optimization process.
WARNING:Xst:1895 - Due to other FF/Latch trimming, FF/Latch <pc_10> (without init value) has a constant value of 0 in block <fpga2ram>. This FF/Latch will be trimmed during the optimization process.
WARNING:Xst:1895 - Due to other FF/Latch trimming, FF/Latch <pc_9> (without init value) has a constant value of 0 in block <fpga2ram>. This FF/Latch will be trimmed during the optimization process.
WARNING:Xst:1895 - Due to other FF/Latch trimming, FF/Latch <pc_8> (without init value) has a constant value of 0 in block <fpga2ram>. This FF/Latch will be trimmed during the optimization process.
WARNING:Xst:1895 - Due to other FF/Latch trimming, FF/Latch <pc_7> (without init value) has a constant value of 0 in block <fpga2ram>. This FF/Latch will be trimmed during the optimization process.
WARNING:Xst:1895 - Due to other FF/Latch trimming, FF/Latch <pc_6> (without init value) has a constant value of 0 in block <fpga2ram>. This FF/Latch will be trimmed during the optimization process.
WARNING:Xst:1895 - Due to other FF/Latch trimming, FF/Latch <pc_5> (without init value) has a constant value of 0 in block <fpga2ram>. This FF/Latch will be trimmed during the optimization process.
WARNING:Xst:1895 - Due to other FF/Latch trimming, FF/Latch <pc_4> (without init value) has a constant value of 0 in block <fpga2ram>. This FF/Latch will be trimmed during the optimization process.

Mapping all equations...
Building and optimizing final netlist ...
Found area constraint ratio of 100 (+ 5) on block fpga2ram, actual ratio is 0.
FlipFlop bus_addr_i_19 has been replicated 1 time(s)

Final Macro Processing ...

=========================================================================
Final Register Report

Macro Statistics
# Registers                                            : 144
 Flip-Flops                                            : 144

=========================================================================

=========================================================================
*                           Partition Report                            *
=========================================================================

Partition Implementation Status
-------------------------------

  No Partitions were found in this design.

-------------------------------

=========================================================================
*                            Design Summary                             *
=========================================================================

Top Level Output File Name         : fpga2ram.ngc

Primitive and Black Box Usage:
------------------------------
# BELS                             : 178
#      GND                         : 1
#      INV                         : 7
#      LUT1                        : 3
#      LUT2                        : 3
#      LUT3                        : 18
#      LUT4                        : 29
#      LUT5                        : 40
#      LUT6                        : 69
#      MUXCY                       : 3
#      VCC                         : 1
#      XORCY                       : 4
# FlipFlops/Latches                : 144
#      FD                          : 21
#      FDE                         : 119
#      FDRE                        : 4
# Clock Buffers                    : 1
#      BUFGP                       : 1
# IO Buffers                       : 148
#      IBUF                        : 22
#      IOBUF                       : 32
#      OBUF                        : 62
#      OBUFT                       : 32

Device utilization summary:
---------------------------

Selected Device : 6slx100fgg676-3 


Slice Logic Utilization: 
 Number of Slice Registers:             144  out of  126576     0%  
 Number of Slice LUTs:                  169  out of  63288     0%  
    Number used as Logic:               169  out of  63288     0%  

Slice Logic Distribution: 
 Number of LUT Flip Flop pairs used:    169
   Number with an unused Flip Flop:      25  out of    169    14%  
   Number with an unused LUT:             0  out of    169     0%  
   Number of fully used LUT-FF pairs:   144  out of    169    85%  
   Number of unique control sets:         8

IO Utilization: 
 Number of IOs:                         160
 Number of bonded IOBs:                 149  out of    480    31%  

Specific Feature Utilization:
 Number of BUFG/BUFGCTRLs:                1  out of     16     6%  

---------------------------
Partition Resource Summary:
---------------------------

  No Partitions were found in this design.

---------------------------


=========================================================================
Timing Report

NOTE: THESE TIMING NUMBERS ARE ONLY A SYNTHESIS ESTIMATE.
      FOR ACCURATE TIMING INFORMATION PLEASE REFER TO THE TRACE REPORT
      GENERATED AFTER PLACE-and-ROUTE.

Clock Information:
------------------
-----------------------------------+------------------------+-------+
Clock Signal                       | Clock buffer(FF name)  | Load  |
-----------------------------------+------------------------+-------+
clk                                | BUFGP                  | 144   |
-----------------------------------+------------------------+-------+

Asynchronous Control Signals Information:
----------------------------------------
No asynchronous control signals found in this design

Timing Summary:
---------------
Speed Grade: -3

   Minimum period: 3.115ns (Maximum Frequency: 321.063MHz)
   Minimum input arrival time before clock: 4.884ns
   Maximum output required time after clock: 5.723ns
   Maximum combinational path delay: No path found

Timing Details:
---------------
All values displayed in nanoseconds (ns)

=========================================================================
Timing constraint: Default period analysis for Clock 'clk'
  Clock period: 3.115ns (frequency: 321.063MHz)
  Total number of paths / destination ports: 815 / 267
-------------------------------------------------------------------------
Delay:               3.115ns (Levels of Logic = 1)
  Source:            pc_1 (FF)
  Destination:       bus_data_i_0 (FF)
  Source Clock:      clk rising
  Destination Clock: clk rising

  Data Path: pc_1 to bus_data_i_0
                                Gate     Net
    Cell:in->out      fanout   Delay   Delay  Logical Name (Net Name)
    ----------------------------------------  ------------
     FDRE:C->Q            16   0.447   1.233  pc_1 (pc_1)
     LUT5:I2->O           12   0.205   0.908  _n0126_inv1 (_n0126_inv)
     FDE:CE                    0.322          bus_data_i_0
    ----------------------------------------
    Total                      3.115ns (0.974ns logic, 2.141ns route)
                                       (31.3% logic, 68.7% route)

=========================================================================
Timing constraint: Default OFFSET IN BEFORE for Clock 'clk'
  Total number of paths / destination ports: 196 / 148
-------------------------------------------------------------------------
Offset:              4.884ns (Levels of Logic = 2)
  Source:            sw_dip<31> (PAD)
  Destination:       bus_data_i_0 (FF)
  Destination Clock: clk rising

  Data Path: sw_dip<31> to bus_data_i_0
                                Gate     Net
    Cell:in->out      fanout   Delay   Delay  Logical Name (Net Name)
    ----------------------------------------  ------------
     IBUF:I->O           103   1.222   2.230  sw_dip_31_IBUF (sw_dip_31_IBUF)
     LUT5:I0->O           12   0.203   0.908  _n0126_inv1 (_n0126_inv)
     FDE:CE                    0.322          bus_data_i_0
    ----------------------------------------
    Total                      4.884ns (1.747ns logic, 3.137ns route)
                                       (35.8% logic, 64.2% route)

=========================================================================
Timing constraint: Default OFFSET OUT AFTER for Clock 'clk'
  Total number of paths / destination ports: 199 / 125
-------------------------------------------------------------------------
Offset:              5.723ns (Levels of Logic = 2)
  Source:            bus_addr_i_19 (FF)
  Destination:       led<15> (PAD)
  Source Clock:      clk rising

  Data Path: bus_addr_i_19 to led<15>
                                Gate     Net
    Cell:in->out      fanout   Delay   Delay  Logical Name (Net Name)
    ----------------------------------------  ------------
     FD:C->Q              72   0.447   1.921  bus_addr_i_19 (bus_addr_i_19)
     LUT3:I0->O            1   0.205   0.579  ram0/ram_driver0/Mmux_data_out11 (led_0_OBUF)
     OBUF:I->O                 2.571          led_0_OBUF (led<0>)
    ----------------------------------------
    Total                      5.723ns (3.223ns logic, 2.500ns route)
                                       (56.3% logic, 43.7% route)

=========================================================================

Cross Clock Domains Report:
--------------------------

Clock to Setup on destination clock clk
---------------+---------+---------+---------+---------+
               | Src:Rise| Src:Fall| Src:Rise| Src:Fall|
Source Clock   |Dest:Rise|Dest:Rise|Dest:Fall|Dest:Fall|
---------------+---------+---------+---------+---------+
clk            |    3.115|         |         |         |
---------------+---------+---------+---------+---------+

=========================================================================


Total REAL time to Xst completion: 7.00 secs
Total CPU time to Xst completion: 6.75 secs
 
--> 

Total memory usage is 257836 kilobytes

Number of errors   :    0 (   0 filtered)
Number of warnings :  123 (   0 filtered)
Number of infos    :    7 (   0 filtered)

